<?xml version="1.0" encoding="UTF-8"?>
<testsuite xmlns:xsi="http://www.w3.org/2001/XMLSchema-instance" xsi:noNamespaceSchemaLocation="https://maven.apache.org/surefire/maven-surefire-plugin/xsd/surefire-test-report-3.0.xsd" version="3.0" name="com.example.s3_email_service.AppTest" time="0.034" tests="1" errors="0" skipped="0" failures="0">
  <properties>
    <property name="java.specification.version" value="17"/>
    <property name="sun.cpu.isalist" value="amd64"/>
    <property name="sun.jnu.encoding" value="Cp1252"/>
    <property name="java.class.path" value="C:\Users\n518389\Desktop\Drop2_Services\PromptPOC\s3-email-service\target\test-classes;C:\Users\n518389\Desktop\Drop2_Services\PromptPOC\s3-email-service\target\classes;C:\Users\n518389\.m2\repository\junit\junit\3.8.1\junit-3.8.1.jar;C:\Users\n518389\.m2\repository\org\springframework\boot\spring-boot-starter-web\3.1.0\spring-boot-starter-web-3.1.0.jar;C:\Users\n518389\.m2\repository\org\springframework\boot\spring-boot-starter\3.1.0\spring-boot-starter-3.1.0.jar;C:\Users\n518389\.m2\repository\org\springframework\boot\spring-boot\3.1.0\spring-boot-3.1.0.jar;C:\Users\n518389\.m2\repository\org\springframework\boot\spring-boot-autoconfigure\3.1.0\spring-boot-autoconfigure-3.1.0.jar;C:\Users\n518389\.m2\repository\org\springframework\boot\spring-boot-starter-logging\3.1.0\spring-boot-starter-logging-3.1.0.jar;C:\Users\n518389\.m2\repository\ch\qos\logback\logback-classic\1.4.7\logback-classic-1.4.7.jar;C:\Users\n518389\.m2\repository\ch\qos\logback\logback-core\1.4.7\logback-core-1.4.7.jar;C:\Users\n518389\.m2\repository\org\apache\logging\log4j\log4j-to-slf4j\2.20.0\log4j-to-slf4j-2.20.0.jar;C:\Users\n518389\.m2\repository\org\apache\logging\log4j\log4j-api\2.20.0\log4j-api-2.20.0.jar;C:\Users\n518389\.m2\repository\org\slf4j\jul-to-slf4j\2.0.7\jul-to-slf4j-2.0.7.jar;C:\Users\n518389\.m2\repository\jakarta\annotation\jakarta.annotation-api\2.1.1\jakarta.annotation-api-2.1.1.jar;C:\Users\n518389\.m2\repository\org\springframework\spring-core\6.0.9\spring-core-6.0.9.jar;C:\Users\n518389\.m2\repository\org\springframework\spring-jcl\6.0.9\spring-jcl-6.0.9.jar;C:\Users\n518389\.m2\repository\org\yaml\snakeyaml\1.33\snakeyaml-1.33.jar;C:\Users\n518389\.m2\repository\org\springframework\boot\spring-boot-starter-json\3.1.0\spring-boot-starter-json-3.1.0.jar;C:\Users\n518389\.m2\repository\com\fasterxml\jackson\core\jackson-databind\2.15.0\jackson-databind-2.15.0.jar;C:\Users\n518389\.m2\repository\com\fasterxml\jackson\core\jackson-annotations\2.15.0\jackson-annotations-2.15.0.jar;C:\Users\n518389\.m2\repository\com\fasterxml\jackson\core\jackson-core\2.15.0\jackson-core-2.15.0.jar;C:\Users\n518389\.m2\repository\com\fasterxml\jackson\datatype\jackson-datatype-jdk8\2.15.0\jackson-datatype-jdk8-2.15.0.jar;C:\Users\n518389\.m2\repository\com\fasterxml\jackson\datatype\jackson-datatype-jsr310\2.15.0\jackson-datatype-jsr310-2.15.0.jar;C:\Users\n518389\.m2\repository\com\fasterxml\jackson\module\jackson-module-parameter-names\2.15.0\jackson-module-parameter-names-2.15.0.jar;C:\Users\n518389\.m2\repository\org\springframework\boot\spring-boot-starter-tomcat\3.1.0\spring-boot-starter-tomcat-3.1.0.jar;C:\Users\n518389\.m2\repository\org\apache\tomcat\embed\tomcat-embed-core\10.1.8\tomcat-embed-core-10.1.8.jar;C:\Users\n518389\.m2\repository\org\apache\tomcat\embed\tomcat-embed-el\10.1.8\tomcat-embed-el-10.1.8.jar;C:\Users\n518389\.m2\repository\org\apache\tomcat\embed\tomcat-embed-websocket\10.1.8\tomcat-embed-websocket-10.1.8.jar;C:\Users\n518389\.m2\repository\org\springframework\spring-web\6.0.9\spring-web-6.0.9.jar;C:\Users\n518389\.m2\repository\org\springframework\spring-beans\6.0.9\spring-beans-6.0.9.jar;C:\Users\n518389\.m2\repository\io\micrometer\micrometer-observation\1.11.0\micrometer-observation-1.11.0.jar;C:\Users\n518389\.m2\repository\io\micrometer\micrometer-commons\1.11.0\micrometer-commons-1.11.0.jar;C:\Users\n518389\.m2\repository\org\springframework\spring-webmvc\6.0.9\spring-webmvc-6.0.9.jar;C:\Users\n518389\.m2\repository\org\springframework\spring-aop\6.0.9\spring-aop-6.0.9.jar;C:\Users\n518389\.m2\repository\org\springframework\spring-context\6.0.9\spring-context-6.0.9.jar;C:\Users\n518389\.m2\repository\org\springframework\spring-expression\6.0.9\spring-expression-6.0.9.jar;C:\Users\n518389\.m2\repository\software\amazon\awssdk\s3\2.27.12\s3-2.27.12.jar;C:\Users\n518389\.m2\repository\software\amazon\awssdk\aws-xml-protocol\2.27.12\aws-xml-protocol-2.27.12.jar;C:\Users\n518389\.m2\repository\software\amazon\awssdk\protocol-core\2.27.12\protocol-core-2.27.12.jar;C:\Users\n518389\.m2\repository\software\amazon\awssdk\arns\2.27.12\arns-2.27.12.jar;C:\Users\n518389\.m2\repository\software\amazon\awssdk\profiles\2.27.12\profiles-2.27.12.jar;C:\Users\n518389\.m2\repository\software\amazon\awssdk\crt-core\2.27.12\crt-core-2.27.12.jar;C:\Users\n518389\.m2\repository\software\amazon\awssdk\http-auth\2.27.12\http-auth-2.27.12.jar;C:\Users\n518389\.m2\repository\software\amazon\awssdk\identity-spi\2.27.12\identity-spi-2.27.12.jar;C:\Users\n518389\.m2\repository\software\amazon\awssdk\http-auth-spi\2.27.12\http-auth-spi-2.27.12.jar;C:\Users\n518389\.m2\repository\org\reactivestreams\reactive-streams\1.0.4\reactive-streams-1.0.4.jar;C:\Users\n518389\.m2\repository\software\amazon\awssdk\http-auth-aws\2.27.12\http-auth-aws-2.27.12.jar;C:\Users\n518389\.m2\repository\software\amazon\awssdk\checksums\2.27.12\checksums-2.27.12.jar;C:\Users\n518389\.m2\repository\software\amazon\awssdk\checksums-spi\2.27.12\checksums-spi-2.27.12.jar;C:\Users\n518389\.m2\repository\software\amazon\awssdk\retries-spi\2.27.12\retries-spi-2.27.12.jar;C:\Users\n518389\.m2\repository\software\amazon\awssdk\sdk-core\2.27.12\sdk-core-2.27.12.jar;C:\Users\n518389\.m2\repository\software\amazon\awssdk\retries\2.27.12\retries-2.27.12.jar;C:\Users\n518389\.m2\repository\org\slf4j\slf4j-api\2.0.7\slf4j-api-2.0.7.jar;C:\Users\n518389\.m2\repository\software\amazon\awssdk\auth\2.27.12\auth-2.27.12.jar;C:\Users\n518389\.m2\repository\software\amazon\awssdk\http-auth-aws-eventstream\2.27.12\http-auth-aws-eventstream-2.27.12.jar;C:\Users\n518389\.m2\repository\software\amazon\eventstream\eventstream\1.0.1\eventstream-1.0.1.jar;C:\Users\n518389\.m2\repository\software\amazon\awssdk\http-client-spi\2.27.12\http-client-spi-2.27.12.jar;C:\Users\n518389\.m2\repository\software\amazon\awssdk\regions\2.27.12\regions-2.27.12.jar;C:\Users\n518389\.m2\repository\software\amazon\awssdk\annotations\2.27.12\annotations-2.27.12.jar;C:\Users\n518389\.m2\repository\software\amazon\awssdk\utils\2.27.12\utils-2.27.12.jar;C:\Users\n518389\.m2\repository\software\amazon\awssdk\aws-core\2.27.12\aws-core-2.27.12.jar;C:\Users\n518389\.m2\repository\software\amazon\awssdk\metrics-spi\2.27.12\metrics-spi-2.27.12.jar;C:\Users\n518389\.m2\repository\software\amazon\awssdk\json-utils\2.27.12\json-utils-2.27.12.jar;C:\Users\n518389\.m2\repository\software\amazon\awssdk\third-party-jackson-core\2.27.12\third-party-jackson-core-2.27.12.jar;C:\Users\n518389\.m2\repository\software\amazon\awssdk\endpoints-spi\2.27.12\endpoints-spi-2.27.12.jar;C:\Users\n518389\.m2\repository\software\amazon\awssdk\apache-client\2.27.12\apache-client-2.27.12.jar;C:\Users\n518389\.m2\repository\org\apache\httpcomponents\httpclient\4.5.13\httpclient-4.5.13.jar;C:\Users\n518389\.m2\repository\commons-logging\commons-logging\1.2\commons-logging-1.2.jar;C:\Users\n518389\.m2\repository\org\apache\httpcomponents\httpcore\4.4.16\httpcore-4.4.16.jar;C:\Users\n518389\.m2\repository\commons-codec\commons-codec\1.15\commons-codec-1.15.jar;C:\Users\n518389\.m2\repository\software\amazon\awssdk\netty-nio-client\2.27.12\netty-nio-client-2.27.12.jar;C:\Users\n518389\.m2\repository\io\netty\netty-codec-http\4.1.92.Final\netty-codec-http-4.1.92.Final.jar;C:\Users\n518389\.m2\repository\io\netty\netty-codec-http2\4.1.92.Final\netty-codec-http2-4.1.92.Final.jar;C:\Users\n518389\.m2\repository\io\netty\netty-codec\4.1.92.Final\netty-codec-4.1.92.Final.jar;C:\Users\n518389\.m2\repository\io\netty\netty-transport\4.1.92.Final\netty-transport-4.1.92.Final.jar;C:\Users\n518389\.m2\repository\io\netty\netty-common\4.1.92.Final\netty-common-4.1.92.Final.jar;C:\Users\n518389\.m2\repository\io\netty\netty-buffer\4.1.92.Final\netty-buffer-4.1.92.Final.jar;C:\Users\n518389\.m2\repository\io\netty\netty-handler\4.1.92.Final\netty-handler-4.1.92.Final.jar;C:\Users\n518389\.m2\repository\io\netty\netty-transport-native-unix-common\4.1.92.Final\netty-transport-native-unix-common-4.1.92.Final.jar;C:\Users\n518389\.m2\repository\io\netty\netty-transport-classes-epoll\4.1.92.Final\netty-transport-classes-epoll-4.1.92.Final.jar;C:\Users\n518389\.m2\repository\io\netty\netty-resolver\4.1.92.Final\netty-resolver-4.1.92.Final.jar;C:\Users\n518389\.m2\repository\software\amazon\awssdk\sts\2.20.0\sts-2.20.0.jar;C:\Users\n518389\.m2\repository\software\amazon\awssdk\aws-query-protocol\2.20.0\aws-query-protocol-2.20.0.jar;C:\Users\n518389\.m2\repository\org\springframework\boot\spring-boot-starter-mail\3.1.0\spring-boot-starter-mail-3.1.0.jar;C:\Users\n518389\.m2\repository\org\springframework\spring-context-support\6.0.9\spring-context-support-6.0.9.jar;C:\Users\n518389\.m2\repository\org\eclipse\angus\jakarta.mail\1.1.0\jakarta.mail-1.1.0.jar;C:\Users\n518389\.m2\repository\jakarta\activation\jakarta.activation-api\2.1.2\jakarta.activation-api-2.1.2.jar;C:\Users\n518389\.m2\repository\org\eclipse\angus\angus-activation\2.0.0\angus-activation-2.0.0.jar;C:\Users\n518389\.m2\repository\com\sun\mail\javax.mail\1.6.2\javax.mail-1.6.2.jar;C:\Users\n518389\.m2\repository\javax\activation\activation\1.1\activation-1.1.jar;"/>
    <property name="java.vm.vendor" value="OpenLogic"/>
    <property name="sun.arch.data.model" value="64"/>
    <property name="user.variant" value=""/>
    <property name="java.vendor.url" value="https://openlogic.com/"/>
    <property name="user.timezone" value="Asia/Calcutta"/>
    <property name="os.name" value="Windows 10"/>
    <property name="java.vm.specification.version" value="17"/>
    <property name="sun.java.launcher" value="SUN_STANDARD"/>
    <property name="user.country" value="US"/>
    <property name="sun.boot.library.path" value="C:\Users\n518389\Downloads\openlogic-openjdk-17.0.12+7-windows-x64\openlogic-openjdk-17.0.12+7-windows-x64\bin"/>
    <property name="sun.java.command" value="C:\Users\n518389\AppData\Local\Temp\surefire15355348080050314995\surefirebooter-20240927101115268_3.jar C:\Users\n518389\AppData\Local\Temp\surefire15355348080050314995 2024-09-27T10-11-14_788-jvmRun1 surefire-20240927101115268_1tmp surefire_0-20240927101115268_2tmp"/>
    <property name="jdk.debug" value="release"/>
    <property name="surefire.test.class.path" value="C:\Users\n518389\Desktop\Drop2_Services\PromptPOC\s3-email-service\target\test-classes;C:\Users\n518389\Desktop\Drop2_Services\PromptPOC\s3-email-service\target\classes;C:\Users\n518389\.m2\repository\junit\junit\3.8.1\junit-3.8.1.jar;C:\Users\n518389\.m2\repository\org\springframework\boot\spring-boot-starter-web\3.1.0\spring-boot-starter-web-3.1.0.jar;C:\Users\n518389\.m2\repository\org\springframework\boot\spring-boot-starter\3.1.0\spring-boot-starter-3.1.0.jar;C:\Users\n518389\.m2\repository\org\springframework\boot\spring-boot\3.1.0\spring-boot-3.1.0.jar;C:\Users\n518389\.m2\repository\org\springframework\boot\spring-boot-autoconfigure\3.1.0\spring-boot-autoconfigure-3.1.0.jar;C:\Users\n518389\.m2\repository\org\springframework\boot\spring-boot-starter-logging\3.1.0\spring-boot-starter-logging-3.1.0.jar;C:\Users\n518389\.m2\repository\ch\qos\logback\logback-classic\1.4.7\logback-classic-1.4.7.jar;C:\Users\n518389\.m2\repository\ch\qos\logback\logback-core\1.4.7\logback-core-1.4.7.jar;C:\Users\n518389\.m2\repository\org\apache\logging\log4j\log4j-to-slf4j\2.20.0\log4j-to-slf4j-2.20.0.jar;C:\Users\n518389\.m2\repository\org\apache\logging\log4j\log4j-api\2.20.0\log4j-api-2.20.0.jar;C:\Users\n518389\.m2\repository\org\slf4j\jul-to-slf4j\2.0.7\jul-to-slf4j-2.0.7.jar;C:\Users\n518389\.m2\repository\jakarta\annotation\jakarta.annotation-api\2.1.1\jakarta.annotation-api-2.1.1.jar;C:\Users\n518389\.m2\repository\org\springframework\spring-core\6.0.9\spring-core-6.0.9.jar;C:\Users\n518389\.m2\repository\org\springframework\spring-jcl\6.0.9\spring-jcl-6.0.9.jar;C:\Users\n518389\.m2\repository\org\yaml\snakeyaml\1.33\snakeyaml-1.33.jar;C:\Users\n518389\.m2\repository\org\springframework\boot\spring-boot-starter-json\3.1.0\spring-boot-starter-json-3.1.0.jar;C:\Users\n518389\.m2\repository\com\fasterxml\jackson\core\jackson-databind\2.15.0\jackson-databind-2.15.0.jar;C:\Users\n518389\.m2\repository\com\fasterxml\jackson\core\jackson-annotations\2.15.0\jackson-annotations-2.15.0.jar;C:\Users\n518389\.m2\repository\com\fasterxml\jackson\core\jackson-core\2.15.0\jackson-core-2.15.0.jar;C:\Users\n518389\.m2\repository\com\fasterxml\jackson\datatype\jackson-datatype-jdk8\2.15.0\jackson-datatype-jdk8-2.15.0.jar;C:\Users\n518389\.m2\repository\com\fasterxml\jackson\datatype\jackson-datatype-jsr310\2.15.0\jackson-datatype-jsr310-2.15.0.jar;C:\Users\n518389\.m2\repository\com\fasterxml\jackson\module\jackson-module-parameter-names\2.15.0\jackson-module-parameter-names-2.15.0.jar;C:\Users\n518389\.m2\repository\org\springframework\boot\spring-boot-starter-tomcat\3.1.0\spring-boot-starter-tomcat-3.1.0.jar;C:\Users\n518389\.m2\repository\org\apache\tomcat\embed\tomcat-embed-core\10.1.8\tomcat-embed-core-10.1.8.jar;C:\Users\n518389\.m2\repository\org\apache\tomcat\embed\tomcat-embed-el\10.1.8\tomcat-embed-el-10.1.8.jar;C:\Users\n518389\.m2\repository\org\apache\tomcat\embed\tomcat-embed-websocket\10.1.8\tomcat-embed-websocket-10.1.8.jar;C:\Users\n518389\.m2\repository\org\springframework\spring-web\6.0.9\spring-web-6.0.9.jar;C:\Users\n518389\.m2\repository\org\springframework\spring-beans\6.0.9\spring-beans-6.0.9.jar;C:\Users\n518389\.m2\repository\io\micrometer\micrometer-observation\1.11.0\micrometer-observation-1.11.0.jar;C:\Users\n518389\.m2\repository\io\micrometer\micrometer-commons\1.11.0\micrometer-commons-1.11.0.jar;C:\Users\n518389\.m2\repository\org\springframework\spring-webmvc\6.0.9\spring-webmvc-6.0.9.jar;C:\Users\n518389\.m2\repository\org\springframework\spring-aop\6.0.9\spring-aop-6.0.9.jar;C:\Users\n518389\.m2\repository\org\springframework\spring-context\6.0.9\spring-context-6.0.9.jar;C:\Users\n518389\.m2\repository\org\springframework\spring-expression\6.0.9\spring-expression-6.0.9.jar;C:\Users\n518389\.m2\repository\software\amazon\awssdk\s3\2.27.12\s3-2.27.12.jar;C:\Users\n518389\.m2\repository\software\amazon\awssdk\aws-xml-protocol\2.27.12\aws-xml-protocol-2.27.12.jar;C:\Users\n518389\.m2\repository\software\amazon\awssdk\protocol-core\2.27.12\protocol-core-2.27.12.jar;C:\Users\n518389\.m2\repository\software\amazon\awssdk\arns\2.27.12\arns-2.27.12.jar;C:\Users\n518389\.m2\repository\software\amazon\awssdk\profiles\2.27.12\profiles-2.27.12.jar;C:\Users\n518389\.m2\repository\software\amazon\awssdk\crt-core\2.27.12\crt-core-2.27.12.jar;C:\Users\n518389\.m2\repository\software\amazon\awssdk\http-auth\2.27.12\http-auth-2.27.12.jar;C:\Users\n518389\.m2\repository\software\amazon\awssdk\identity-spi\2.27.12\identity-spi-2.27.12.jar;C:\Users\n518389\.m2\repository\software\amazon\awssdk\http-auth-spi\2.27.12\http-auth-spi-2.27.12.jar;C:\Users\n518389\.m2\repository\org\reactivestreams\reactive-streams\1.0.4\reactive-streams-1.0.4.jar;C:\Users\n518389\.m2\repository\software\amazon\awssdk\http-auth-aws\2.27.12\http-auth-aws-2.27.12.jar;C:\Users\n518389\.m2\repository\software\amazon\awssdk\checksums\2.27.12\checksums-2.27.12.jar;C:\Users\n518389\.m2\repository\software\amazon\awssdk\checksums-spi\2.27.12\checksums-spi-2.27.12.jar;C:\Users\n518389\.m2\repository\software\amazon\awssdk\retries-spi\2.27.12\retries-spi-2.27.12.jar;C:\Users\n518389\.m2\repository\software\amazon\awssdk\sdk-core\2.27.12\sdk-core-2.27.12.jar;C:\Users\n518389\.m2\repository\software\amazon\awssdk\retries\2.27.12\retries-2.27.12.jar;C:\Users\n518389\.m2\repository\org\slf4j\slf4j-api\2.0.7\slf4j-api-2.0.7.jar;C:\Users\n518389\.m2\repository\software\amazon\awssdk\auth\2.27.12\auth-2.27.12.jar;C:\Users\n518389\.m2\repository\software\amazon\awssdk\http-auth-aws-eventstream\2.27.12\http-auth-aws-eventstream-2.27.12.jar;C:\Users\n518389\.m2\repository\software\amazon\eventstream\eventstream\1.0.1\eventstream-1.0.1.jar;C:\Users\n518389\.m2\repository\software\amazon\awssdk\http-client-spi\2.27.12\http-client-spi-2.27.12.jar;C:\Users\n518389\.m2\repository\software\amazon\awssdk\regions\2.27.12\regions-2.27.12.jar;C:\Users\n518389\.m2\repository\software\amazon\awssdk\annotations\2.27.12\annotations-2.27.12.jar;C:\Users\n518389\.m2\repository\software\amazon\awssdk\utils\2.27.12\utils-2.27.12.jar;C:\Users\n518389\.m2\repository\software\amazon\awssdk\aws-core\2.27.12\aws-core-2.27.12.jar;C:\Users\n518389\.m2\repository\software\amazon\awssdk\metrics-spi\2.27.12\metrics-spi-2.27.12.jar;C:\Users\n518389\.m2\repository\software\amazon\awssdk\json-utils\2.27.12\json-utils-2.27.12.jar;C:\Users\n518389\.m2\repository\software\amazon\awssdk\third-party-jackson-core\2.27.12\third-party-jackson-core-2.27.12.jar;C:\Users\n518389\.m2\repository\software\amazon\awssdk\endpoints-spi\2.27.12\endpoints-spi-2.27.12.jar;C:\Users\n518389\.m2\repository\software\amazon\awssdk\apache-client\2.27.12\apache-client-2.27.12.jar;C:\Users\n518389\.m2\repository\org\apache\httpcomponents\httpclient\4.5.13\httpclient-4.5.13.jar;C:\Users\n518389\.m2\repository\commons-logging\commons-logging\1.2\commons-logging-1.2.jar;C:\Users\n518389\.m2\repository\org\apache\httpcomponents\httpcore\4.4.16\httpcore-4.4.16.jar;C:\Users\n518389\.m2\repository\commons-codec\commons-codec\1.15\commons-codec-1.15.jar;C:\Users\n518389\.m2\repository\software\amazon\awssdk\netty-nio-client\2.27.12\netty-nio-client-2.27.12.jar;C:\Users\n518389\.m2\repository\io\netty\netty-codec-http\4.1.92.Final\netty-codec-http-4.1.92.Final.jar;C:\Users\n518389\.m2\repository\io\netty\netty-codec-http2\4.1.92.Final\netty-codec-http2-4.1.92.Final.jar;C:\Users\n518389\.m2\repository\io\netty\netty-codec\4.1.92.Final\netty-codec-4.1.92.Final.jar;C:\Users\n518389\.m2\repository\io\netty\netty-transport\4.1.92.Final\netty-transport-4.1.92.Final.jar;C:\Users\n518389\.m2\repository\io\netty\netty-common\4.1.92.Final\netty-common-4.1.92.Final.jar;C:\Users\n518389\.m2\repository\io\netty\netty-buffer\4.1.92.Final\netty-buffer-4.1.92.Final.jar;C:\Users\n518389\.m2\repository\io\netty\netty-handler\4.1.92.Final\netty-handler-4.1.92.Final.jar;C:\Users\n518389\.m2\repository\io\netty\netty-transport-native-unix-common\4.1.92.Final\netty-transport-native-unix-common-4.1.92.Final.jar;C:\Users\n518389\.m2\repository\io\netty\netty-transport-classes-epoll\4.1.92.Final\netty-transport-classes-epoll-4.1.92.Final.jar;C:\Users\n518389\.m2\repository\io\netty\netty-resolver\4.1.92.Final\netty-resolver-4.1.92.Final.jar;C:\Users\n518389\.m2\repository\software\amazon\awssdk\sts\2.20.0\sts-2.20.0.jar;C:\Users\n518389\.m2\repository\software\amazon\awssdk\aws-query-protocol\2.20.0\aws-query-protocol-2.20.0.jar;C:\Users\n518389\.m2\repository\org\springframework\boot\spring-boot-starter-mail\3.1.0\spring-boot-starter-mail-3.1.0.jar;C:\Users\n518389\.m2\repository\org\springframework\spring-context-support\6.0.9\spring-context-support-6.0.9.jar;C:\Users\n518389\.m2\repository\org\eclipse\angus\jakarta.mail\1.1.0\jakarta.mail-1.1.0.jar;C:\Users\n518389\.m2\repository\jakarta\activation\jakarta.activation-api\2.1.2\jakarta.activation-api-2.1.2.jar;C:\Users\n518389\.m2\repository\org\eclipse\angus\angus-activation\2.0.0\angus-activation-2.0.0.jar;C:\Users\n518389\.m2\repository\com\sun\mail\javax.mail\1.6.2\javax.mail-1.6.2.jar;C:\Users\n518389\.m2\repository\javax\activation\activation\1.1\activation-1.1.jar;"/>
    <property name="sun.cpu.endian" value="little"/>
    <property name="user.home" value="C:\Users\n518389"/>
    <property name="user.language" value="en"/>
    <property name="java.specification.vendor" value="Oracle Corporation"/>
    <property name="java.version.date" value="2024-07-16"/>
    <property name="java.home" value="C:\Users\n518389\Downloads\openlogic-openjdk-17.0.12+7-windows-x64\openlogic-openjdk-17.0.12+7-windows-x64"/>
    <property name="file.separator" value="\"/>
    <property name="basedir" value="C:\Users\n518389\Desktop\Drop2_Services\PromptPOC\s3-email-service"/>
    <property name="java.vm.compressedOopsMode" value="32-bit"/>
    <property name="line.separator" value="&#10;"/>
    <property name="java.vm.specification.vendor" value="Oracle Corporation"/>
    <property name="java.specification.name" value="Java Platform API Specification"/>
    <property name="surefire.real.class.path" value="C:\Users\n518389\AppData\Local\Temp\surefire15355348080050314995\surefirebooter-20240927101115268_3.jar"/>
    <property name="user.script" value=""/>
    <property name="sun.management.compiler" value="HotSpot 64-Bit Tiered Compilers"/>
    <property name="java.runtime.version" value="17.0.12+7-adhoc..jdk17u"/>
    <property name="user.name" value="n518389"/>
    <property name="path.separator" value=";"/>
    <property name="os.version" value="10.0"/>
    <property name="java.runtime.name" value="OpenJDK Runtime Environment"/>
    <property name="file.encoding" value="Cp1252"/>
    <property name="java.vm.name" value="OpenJDK 64-Bit Server VM"/>
    <property name="java.vendor.version" value="OpenLogic-OpenJDK"/>
    <property name="localRepository" value="C:\Users\n518389\.m2\repository"/>
    <property name="java.vendor.url.bug" value="https://techsupport.roguewave.com/"/>
    <property name="java.io.tmpdir" value="C:\Users\n518389\AppData\Local\Temp\"/>
    <property name="java.version" value="17.0.12"/>
    <property name="user.dir" value="C:\Users\n518389\Desktop\Drop2_Services\PromptPOC\s3-email-service"/>
    <property name="os.arch" value="amd64"/>
    <property name="java.vm.specification.name" value="Java Virtual Machine Specification"/>
    <property name="sun.os.patch.level" value=""/>
    <property name="native.encoding" value="Cp1252"/>
    <property name="java.library.path" value="C:\Users\n518389\Downloads\openlogic-openjdk-17.0.12+7-windows-x64\openlogic-openjdk-17.0.12+7-windows-x64\bin;C:\WINDOWS\Sun\Java\bin;C:\WINDOWS\system32;C:\WINDOWS;C:/Program Files/Java/jre1.8.0_191/bin/server;C:/Program Files/Java/jre1.8.0_191/bin;C:/Program Files/Java/jre1.8.0_191/lib/amd64;C:\Program Files (x86)\Common Files\Oracle\Java\javapath;C:\Users\n518389\Desktop\java11\jdk-11.0.16.1\bin;C:\Ant-1.7.1\bin;C:\Program Files (x86)\RSA SecurID Token Common;C:\WINDOWS\system32;C:\WINDOWS;C:\WINDOWS\System32\Wbem;C:\WINDOWS\System32\WindowsPowerShell\v1.0\;C:\WINDOWS\System32\OpenSSH\;C:\Program Files (x86)\Pulse Secure\VC142.CRT\X64\;C:\Program Files (x86)\Pulse Secure\VC142.CRT\X86\;C:\Program Files\dotnet\;C:\Program Files\TortoiseSVN\bin;C:\Users\n518389\CAPTWO_CORE\apache-maven-3.0.5\bin;C:\Users\n518389\Downloads\apache-maven-3.2.5-bin\apache-maven-3.2.5\bin;C:\Program Files\PuTTY\;C:\Program Files (x86)\Common Files\Pulse Secure\TNC Client Plugin\;C:\Program Files\Git\cmd;C:\Users\n518389\AppData\Local\Microsoft\WindowsApps;C:\Users\n518389\AppData\Local\GitHubDesktop\bin;C:\Users\n518389\AppData\Local\Programs\Microsoft VS Code\bin;C:\Users\n518389\Desktop\ODS Project\eclipse-jee-photon-R-win32-x86_64\eclipse;;."/>
    <property name="java.vm.info" value="mixed mode, sharing"/>
    <property name="java.vendor" value="OpenLogic"/>
    <property name="java.vm.version" value="17.0.12+7-adhoc..jdk17u"/>
    <property name="sun.io.unicode.encoding" value="UnicodeLittle"/>
    <property name="java.class.version" value="61.0"/>
  </properties>
  <testcase name="testApp" classname="com.example.s3_email_service.AppTest" time="0.003"/>
</testsuite>